[12-Jul-2020 19:04:05 Asia/Tokyo] POSTされた！
[12-Jul-2020 19:08:09 Asia/Tokyo] POSTされた！
[12-Jul-2020 19:08:13 Asia/Tokyo] POSTされた！
[12-Jul-2020 19:08:17 Asia/Tokyo] POSTされた！
[12-Jul-2020 19:08:18 Asia/Tokyo] POSTされた！
[12-Jul-2020 19:08:19 Asia/Tokyo] POSTされた！
[12-Jul-2020 19:08:19 Asia/Tokyo] POSTされた！
[12-Jul-2020 19:08:20 Asia/Tokyo] POSTされた！
[12-Jul-2020 19:08:21 Asia/Tokyo] POSTされた！
[12-Jul-2020 19:08:21 Asia/Tokyo] POSTされた！
[12-Jul-2020 19:08:21 Asia/Tokyo] POSTされた！
[12-Jul-2020 19:08:21 Asia/Tokyo] POSTされた！
[12-Jul-2020 19:08:22 Asia/Tokyo] POSTされた！
[12-Jul-2020 19:08:23 Asia/Tokyo] POSTされた！
[12-Jul-2020 19:08:24 Asia/Tokyo] POSTされた！
[12-Jul-2020 19:08:24 Asia/Tokyo] POSTされた！
[12-Jul-2020 19:08:25 Asia/Tokyo] POSTされた！
[12-Jul-2020 19:08:25 Asia/Tokyo] POSTされた！
[12-Jul-2020 19:08:27 Asia/Tokyo] POSTされた！
[12-Jul-2020 19:33:57 Asia/Tokyo] POSTされた！
[12-Jul-2020 19:33:59 Asia/Tokyo] POSTされた！
[12-Jul-2020 19:34:00 Asia/Tokyo] POSTされた！
[12-Jul-2020 19:34:01 Asia/Tokyo] POSTされた！
[12-Jul-2020 19:34:03 Asia/Tokyo] POSTされた！
[14-Jul-2020 07:39:16 Asia/Tokyo] POSTされた!
[14-Jul-2020 07:39:16 Asia/Tokyo] PHP Notice:  Undefined index: history in /Applications/MAMP/htdocs/PHP_Obj/index.php on line 66
[14-Jul-2020 07:39:16 Asia/Tokyo] PHP Notice:  Undefined index: monsters in /Applications/MAMP/htdocs/PHP_Obj/index.php on line 169
[14-Jul-2020 07:39:16 Asia/Tokyo] PHP Notice:  Trying to get property 'name' of non-object in /Applications/MAMP/htdocs/PHP_Obj/index.php on line 169
[14-Jul-2020 07:39:16 Asia/Tokyo] PHP Notice:  Undefined index: monsters in /Applications/MAMP/htdocs/PHP_Obj/index.php on line 171
[14-Jul-2020 07:39:16 Asia/Tokyo] PHP Notice:  Trying to get property 'img' of non-object in /Applications/MAMP/htdocs/PHP_Obj/index.php on line 171
[14-Jul-2020 07:39:16 Asia/Tokyo] PHP Notice:  Undefined index: hp in /Applications/MAMP/htdocs/PHP_Obj/index.php on line 173
[14-Jul-2020 07:39:20 Asia/Tokyo] POSTされた!
[14-Jul-2020 07:39:20 Asia/Tokyo] PHP Notice:  Undefined index: monsters in /Applications/MAMP/htdocs/PHP_Obj/index.php on line 169
[14-Jul-2020 07:39:20 Asia/Tokyo] PHP Notice:  Trying to get property 'name' of non-object in /Applications/MAMP/htdocs/PHP_Obj/index.php on line 169
[14-Jul-2020 07:39:20 Asia/Tokyo] PHP Notice:  Undefined index: monsters in /Applications/MAMP/htdocs/PHP_Obj/index.php on line 171
[14-Jul-2020 07:39:20 Asia/Tokyo] PHP Notice:  Trying to get property 'img' of non-object in /Applications/MAMP/htdocs/PHP_Obj/index.php on line 171
[14-Jul-2020 07:39:20 Asia/Tokyo] PHP Notice:  Undefined index: hp in /Applications/MAMP/htdocs/PHP_Obj/index.php on line 173
[14-Jul-2020 07:41:49 Asia/Tokyo] POSTされた!
[14-Jul-2020 07:41:49 Asia/Tokyo] PHP Notice:  Undefined index: hp in /Applications/MAMP/htdocs/PHP_Obj/index.php on line 173
[14-Jul-2020 07:41:53 Asia/Tokyo] POSTされた!
[14-Jul-2020 07:41:53 Asia/Tokyo] PHP Notice:  Undefined index: hp in /Applications/MAMP/htdocs/PHP_Obj/index.php on line 173
[14-Jul-2020 07:41:55 Asia/Tokyo] POSTされた!
[14-Jul-2020 07:41:55 Asia/Tokyo] PHP Notice:  Undefined index: hp in /Applications/MAMP/htdocs/PHP_Obj/index.php on line 173
[14-Jul-2020 07:41:57 Asia/Tokyo] POSTされた!
[14-Jul-2020 07:41:57 Asia/Tokyo] PHP Notice:  Undefined index: hp in /Applications/MAMP/htdocs/PHP_Obj/index.php on line 173
[14-Jul-2020 07:42:00 Asia/Tokyo] POSTされた!
[14-Jul-2020 07:42:00 Asia/Tokyo] PHP Notice:  Undefined index: hp in /Applications/MAMP/htdocs/PHP_Obj/index.php on line 173
[14-Jul-2020 07:42:01 Asia/Tokyo] POSTされた!
[14-Jul-2020 07:42:01 Asia/Tokyo] PHP Notice:  Undefined index: hp in /Applications/MAMP/htdocs/PHP_Obj/index.php on line 173
[14-Jul-2020 07:42:02 Asia/Tokyo] POSTされた!
[14-Jul-2020 07:42:02 Asia/Tokyo] PHP Notice:  Undefined index: hp in /Applications/MAMP/htdocs/PHP_Obj/index.php on line 173
[14-Jul-2020 07:42:03 Asia/Tokyo] POSTされた!
[14-Jul-2020 07:42:03 Asia/Tokyo] PHP Notice:  Undefined index: hp in /Applications/MAMP/htdocs/PHP_Obj/index.php on line 173
[14-Jul-2020 07:42:04 Asia/Tokyo] POSTされた!
[14-Jul-2020 07:42:04 Asia/Tokyo] PHP Notice:  Undefined index: hp in /Applications/MAMP/htdocs/PHP_Obj/index.php on line 173
[14-Jul-2020 07:42:04 Asia/Tokyo] POSTされた!
[14-Jul-2020 07:42:04 Asia/Tokyo] PHP Notice:  Undefined index: hp in /Applications/MAMP/htdocs/PHP_Obj/index.php on line 173
[14-Jul-2020 07:42:05 Asia/Tokyo] POSTされた!
[14-Jul-2020 07:42:05 Asia/Tokyo] PHP Notice:  Undefined index: hp in /Applications/MAMP/htdocs/PHP_Obj/index.php on line 173
[14-Jul-2020 07:42:06 Asia/Tokyo] POSTされた!
[14-Jul-2020 07:42:06 Asia/Tokyo] PHP Notice:  Undefined index: hp in /Applications/MAMP/htdocs/PHP_Obj/index.php on line 173
[14-Jul-2020 07:59:55 Asia/Tokyo] POSTされた!
[14-Jul-2020 07:59:55 Asia/Tokyo] PHP Notice:  Undefined index: hp in /Applications/MAMP/htdocs/PHP_Obj/index.php on line 173
[14-Jul-2020 07:59:57 Asia/Tokyo] POSTされた!
[14-Jul-2020 07:59:57 Asia/Tokyo] PHP Notice:  Undefined index: hp in /Applications/MAMP/htdocs/PHP_Obj/index.php on line 173
[14-Jul-2020 08:00:00 Asia/Tokyo] POSTされた!
[14-Jul-2020 08:00:00 Asia/Tokyo] PHP Notice:  Undefined index: hp in /Applications/MAMP/htdocs/PHP_Obj/index.php on line 173
[14-Jul-2020 08:00:01 Asia/Tokyo] POSTされた!
[14-Jul-2020 08:00:01 Asia/Tokyo] PHP Notice:  Undefined index: hp in /Applications/MAMP/htdocs/PHP_Obj/index.php on line 173
[14-Jul-2020 08:00:38 Asia/Tokyo] POSTされた!
[14-Jul-2020 08:00:39 Asia/Tokyo] POSTされた!
[14-Jul-2020 08:00:42 Asia/Tokyo] POSTされた!
[14-Jul-2020 08:00:42 Asia/Tokyo] PHP Notice:  Undefined index: history in /Applications/MAMP/htdocs/PHP_Obj/index.php on line 66
[14-Jul-2020 08:00:44 Asia/Tokyo] POSTされた!
[14-Jul-2020 08:00:47 Asia/Tokyo] POSTされた!
[14-Jul-2020 08:00:49 Asia/Tokyo] POSTされた!
[14-Jul-2020 08:00:50 Asia/Tokyo] POSTされた!
[14-Jul-2020 08:00:51 Asia/Tokyo] POSTされた!
[14-Jul-2020 08:01:22 Asia/Tokyo] POSTされた!
[14-Jul-2020 08:01:24 Asia/Tokyo] POSTされた!
[14-Jul-2020 08:01:25 Asia/Tokyo] POSTされた!
[14-Jul-2020 08:01:27 Asia/Tokyo] POSTされた!
[14-Jul-2020 08:01:27 Asia/Tokyo] POSTされた!
[14-Jul-2020 08:01:28 Asia/Tokyo] POSTされた!
[14-Jul-2020 08:01:29 Asia/Tokyo] POSTされた!
[14-Jul-2020 08:01:30 Asia/Tokyo] POSTされた!
[14-Jul-2020 08:01:30 Asia/Tokyo] POSTされた!
[14-Jul-2020 08:01:31 Asia/Tokyo] POSTされた!
